<?xml version="1.0" encoding="UTF-8"?>
<!-- Generated by org.testng.reporters.JUnitXMLReporter -->
<testsuite ignored="0" hostname="chitralekha" failures="1" tests="1" name="Test" time="39.584" errors="0" timestamp="2020-09-02T17:55:31 IST">
  <testcase classname="automation.hybridFrameWork.main" name="signin" time="21.28">
    <failure type="java.lang.AssertionError" message="expected [Buy Grocery Online | Daily Needs Supermarket - Jiomart] but found [Buy Grocery Online at Best Prices Pan India]">
      <![CDATA[java.lang.AssertionError: expected [Buy Grocery Online | Daily Needs Supermarket - Jiomart] but found [Buy Grocery Online at Best Prices Pan India]
at automation.hybridFrameWork.main.signin(main.java:41)
at java.base/java.util.ArrayList.forEach(ArrayList.java:1511)
... Removed 32 stack frames]]>
    </failure>
  </testcase> <!-- signin -->
</testsuite> <!-- Test -->
